[    1904ms] [ERROR] NotFoundError: Failed to execute 'insertBefore' on 'Node': The node before which the new node is to be inserted is not a child of this node.
    at cu (https://static-resource-smartstore.pstatic.net/brandstore/p/static/20260721104235/js/7893.773df45b.js:1:108937)
    at cu (https://static-resource-smartstore.pstatic.net/brandstore/p/static/20260721104235/js/7893.773df45b.js:1:109010)
    at vu (https://static-resource-smartstore.pstatic.net/brandstore/p/static/20260721104235/js/7893.773df45b.js:1:114109)
    at yu (https://static-resource-smartstore.pstatic.net/brandstore/p/static/20260721104235/js/7893.773df45b.js:1:110971)
    at mu (https://static-resource-smartstore.pstatic.net/brandstore/p/static/20260721104235/js/7893.773df45b.js:1:110850)
    at yu (https://static-resource-smartstore.pstatic.net/brandstore/p/static/20260721104235/js/7893.773df45b.js:1:111098)
    at mu (https://static-resource-smartstore.pstatic.net/brandstore/p/static/20260721104235/js/7893.773df45b.js:1:110850)
    at yu (https://static-resource-smartstore.pstatic.net/brandstore/p/static/20260721104235/js/7893.773df45b.js:1:112278)
    at mu (https://static-resource-smartstore.pstatic.net/brandstore/p/static/20260721104235/js/7893.773df45b.js:1:110850)
    at yu (https://static-resource-smartstore.pstatic.net/brandstore/p/static/20260721104235/js/7893.773df45b.js:1:110963)
    at mu (https://static-resource-smartstore.pstatic.net/brandstore/p/static/20260721104235/js/7893.773df45b.js:1:110850)
    at yu (https://static-resource-smartstore.pstatic.net/brandstore/p/static/20260721104235/js/7893.773df45b.js:1:110963)
    at mu (https://static-resource-smartstore.pstatic.net/brandstore/p/static/20260721104235/js/7893.773df45b.js:1:110850)
    at yu (https://static-resource-smartstore.pstatic.net/brandstore/p/static/20260721104235/js/7893.773df45b.js:1:111160)
    at mu (https://static-resource-smartstore.pstatic.net/brandstore/p/static/20260721104235/js/7893.773df45b.js:1:110850)
    at yu (https://static-resource-smartstore.pstatic.net/brandstore/p/static/20260721104235/js/7893.773df45b.js:1:112278)
    at mu (https://static-resource-smartstore.pstatic.net/brandstore/p/static/20260721104235/js/7893.773df45b.js:1:110850)
    at yu (https://static-resource-smartstore.pstatic.net/brandstore/p/static/20260721104235/js/7893.773df45b.js:1:110963)
    at mu (https://static-resource-smartstore.pstatic.net/brandstore/p/static/20260721104235/js/7893.773df45b.js:1:110850)
    at yu (https://static-resource-smartstore.pstatic.net/brandstore/p/static/20260721104235/js/7893.773df45b.js:1:111160)
    at mu (https://static-resource-smartstore.pstatic.net/brandstore/p/static/20260721104235/js/7893.773df45b.js:1:110850)
    at yu (https://static-resource-smartstore.pstatic.net/brandstore/p/static/20260721104235/js/7893.773df45b.js:1:111160)
    at mu (https://static-resource-smartstore.pstatic.net/brandstore/p/static/20260721104235/js/7893.773df45b.js:1:110850)
    at yu (https://static-resource-smartstore.pstatic.net/brandstore/p/static/20260721104235/js/7893.773df45b.js:1:111160)
    at mu (https://static-resource-smartstore.pstatic.net/brandstore/p/static/20260721104235/js/7893.773df45b.js:1:110850)
    at yu (https://static-resource-smartstore.pstatic.net/brandstore/p/static/20260721104235/js/7893.773df45b.js:1:111160)
    at mu (https://static-resource-smartstore.pstatic.net/brandstore/p/static/20260721104235/js/7893.773df45b.js:1:110850)
    at yu (https://static-resource-smartstore.pstatic.net/brandstore/p/static/20260721104235/js/7893.773df45b.js:1:110963)
    at mu (https://static-resource-smartstore.pstatic.net/brandstore/p/static/20260721104235/js/7893.773df45b.js:1:110850)
    at yu (https://static-resource-smartstore.pstatic.net/brandstore/p/static/20260721104235/js/7893.773df45b.js:1:112278)
    at mu (https://static-resource-smartstore.pstatic.net/brandstore/p/static/20260721104235/js/7893.773df45b.js:1:110850)
    at yu (https://static-resource-smartstore.pstatic.net/brandstore/p/static/20260721104235/js/7893.773df45b.js:1:110963)
    at mu (https://static-resource-smartstore.pstatic.net/brandstore/p/static/20260721104235/js/7893.773df45b.js:1:110850)
    at yu (https://static-resource-smartstore.pstatic.net/brandstore/p/static/20260721104235/js/7893.773df45b.js:1:110963)
    at mu (https://static-resource-smartstore.pstatic.net/brandstore/p/static/20260721104235/js/7893.773df45b.js:1:110850)
    at yu (https://static-resource-smartstore.pstatic.net/brandstore/p/static/20260721104235/js/7893.773df45b.js:1:110963)
    at mu (https://static-resource-smartstore.pstatic.net/brandstore/p/static/20260721104235/js/7893.773df45b.js:1:110850)
    at yu (https://static-resource-smartstore.pstatic.net/brandstore/p/static/20260721104235/js/7893.773df45b.js:1:111160)
    at mu (https://static-resource-smartstore.pstatic.net/brandstore/p/static/20260721104235/js/7893.773df45b.js:1:110850)
    at yu (https://static-resource-smartstore.pstatic.net/brandstore/p/static/20260721104235/js/7893.773df45b.js:1:110963)
    at mu (https://static-resource-smartstore.pstatic.net/brandstore/p/static/20260721104235/js/7893.773df45b.js:1:110850)
    at yu (https://static-resource-smartstore.pstatic.net/brandstore/p/static/20260721104235/js/7893.773df45b.js:1:111098)
    at mu (https://static-resource-smartstore.pstatic.net/brandstore/p/static/20260721104235/js/7893.773df45b.js:1:110850)
    at yu (https://static-resource-smartstore.pstatic.net/brandstore/p/static/20260721104235/js/7893.773df45b.js:1:110963)
    at mu (https://static-resource-smartstore.pstatic.net/brandstore/p/static/20260721104235/js/7893.773df45b.js:1:110850)
    at yu (https://static-resource-smartstore.pstatic.net/brandstore/p/static/20260721104235/js/7893.773df45b.js:1:111160)
    at mu (https://static-resource-smartstore.pstatic.net/brandstore/p/static/20260721104235/js/7893.773df45b.js:1:110850)
    at yu (https://static-resource-smartstore.pstatic.net/brandstore/p/static/20260721104235/js/7893.773df45b.js:1:112278)
    at mu (https://static-resource-smartstore.pstatic.net/brandstore/p/static/20260721104235/js/7893.773df45b.js:1:110850)
    at yu (https://static-resource-smartstore.pstatic.net/brandstore/p/static/20260721104235/js/7893.773df45b.js:1:111160) @ https://static-resource-smartstore.pstatic.net/brandstore/p/static/20260721104235/js/7893.773df45b.js:0
[    2128ms] [WARNING] MaxListenersExceededWarning: Possible EventEmitter memory leak detected. 11 visible listeners added. Use emitter.setMaxListeners() to increase limit
    at h (https://editor-static.pstatic.net/v/basic/1.73.1/se.viewer.js:6:27262)
    at t.<anonymous> (https://editor-static.pstatic.net/v/basic/1.73.1/se.viewer.js:6:29831)
    at new t (https://editor-static.pstatic.net/v/basic/1.73.1/se.24.6bf71b05.js:1:2126)
    at https://editor-static.pstatic.net/v/basic/1.73.1/se.viewer.js:12:53355 @ https://static-resource-smartstore.pstatic.net/brandstore/p/static/20260721104235/js/7893.773df45b.js:0
[    2128ms] [WARNING] MaxListenersExceededWarning: Possible EventEmitter memory leak detected. 11 invisible listeners added. Use emitter.setMaxListeners() to increase limit
    at h (https://editor-static.pstatic.net/v/basic/1.73.1/se.viewer.js:6:27262)
    at t.<anonymous> (https://editor-static.pstatic.net/v/basic/1.73.1/se.viewer.js:6:29831)
    at new t (https://editor-static.pstatic.net/v/basic/1.73.1/se.24.6bf71b05.js:1:2161)
    at https://editor-static.pstatic.net/v/basic/1.73.1/se.viewer.js:12:53355 @ https://static-resource-smartstore.pstatic.net/brandstore/p/static/20260721104235/js/7893.773df45b.js:0
[   10762ms] [WARNING] "circular" and "bound" option cannot be used together, ignoring bound. @ https://static-resource-smartstore.pstatic.net/brandstore/p/static/20260721104235/js/7893.773df45b.js:0
[   15483ms] [WARNING] "circular" and "bound" option cannot be used together, ignoring bound. @ https://static-resource-smartstore.pstatic.net/brandstore/p/static/20260721104235/js/7893.773df45b.js:0
